d:\bendisscode\nclgl\x64\debug\nclgl.pdb
d:\bendisscode\nclgl\x64\debug\nclgl.idb
d:\bendisscode\nclgl\x64\debug\glad.obj
d:\bendisscode\nclgl\x64\debug\plane.obj
d:\bendisscode\nclgl\x64\debug\particlesystem.obj
d:\bendisscode\nclgl\x64\debug\particle.obj
d:\bendisscode\nclgl\x64\debug\oglrenderer.obj
d:\bendisscode\nclgl\x64\debug\mouse.obj
d:\bendisscode\nclgl\x64\debug\meshmaterial.obj
d:\bendisscode\nclgl\x64\debug\meshanimation.obj
d:\bendisscode\nclgl\x64\debug\mesh.obj
d:\bendisscode\nclgl\x64\debug\matrix4.obj
d:\bendisscode\nclgl\x64\debug\matrix3.obj
d:\bendisscode\nclgl\x64\debug\matrix2.obj
d:\bendisscode\nclgl\x64\debug\light.obj
d:\bendisscode\nclgl\x64\debug\keyboard.obj
d:\bendisscode\nclgl\x64\debug\heightmap.obj
d:\bendisscode\nclgl\x64\debug\gametimer.obj
d:\bendisscode\nclgl\x64\debug\frustrum.obj
d:\bendisscode\nclgl\x64\debug\emitter.obj
d:\bendisscode\nclgl\x64\debug\cuberobot.obj
d:\bendisscode\nclgl\x64\debug\computeshader.obj
d:\bendisscode\nclgl\x64\debug\camera.obj
d:\bendisscode\nclgl\x64\debug\window.obj
d:\bendisscode\nclgl\x64\debug\shader.obj
d:\bendisscode\nclgl\x64\debug\scenenode.obj
d:\bendisscode\nclgl\x64\debug\quaternion.obj
d:\bendisscode\x64\debug\nclgl.lib
d:\bendisscode\x64\debug\nclgl.pdb
d:\bendisscode\nclgl\x64\debug\nclgl.tlog\cl.read.1.tlog
d:\bendisscode\nclgl\x64\debug\nclgl.tlog\cl.write.1.tlog
d:\bendisscode\nclgl\x64\debug\nclgl.tlog\cl.command.1.tlog
d:\bendisscode\nclgl\x64\debug\nclgl.tlog\lib-link.read.1.tlog
d:\bendisscode\nclgl\x64\debug\nclgl.tlog\lib-link.write.1.tlog
d:\bendisscode\nclgl\x64\debug\nclgl.tlog\lib.command.1.tlog
